Mon Mar 05 2018 14:52:54 GMT+0200 (Jerusalem Standard Time) ; GET /about
Mon Mar 05 2018 14:52:57 GMT+0200 (Jerusalem Standard Time) ; GET /maintance
Mon Mar 05 2018 14:53:26 GMT+0200 (Jerusalem Standard Time) ; GET /maintance
Mon Mar 05 2018 14:56:32 GMT+0200 (Jerusalem Standard Time) ; GET /
Mon Mar 05 2018 14:58:25 GMT+0200 (Jerusalem Standard Time) ; GET /
Mon Mar 05 2018 14:58:27 GMT+0200 (Jerusalem Standard Time) ; GET /
Mon Mar 05 2018 15:00:09 GMT+0200 (Jerusalem Standard Time) ; GET /
Mon Mar 05 2018 15:03:51 GMT+0200 (Jerusalem Standard Time) ; GET /
Mon Mar 05 2018 15:09:25 GMT+0200 (Jerusalem Standard Time) ; GET /
Mon Mar 05 2018 15:09:35 GMT+0200 (Jerusalem Standard Time) ; GET /help.html
Mon Mar 05 2018 15:10:27 GMT+0200 (Jerusalem Standard Time) ; GET /help.html
Mon Mar 05 2018 15:10:42 GMT+0200 (Jerusalem Standard Time) ; GET /
Mon Mar 05 2018 15:10:46 GMT+0200 (Jerusalem Standard Time) ; GET /maintance
Mon Mar 05 2018 15:12:14 GMT+0200 (Jerusalem Standard Time) ; GET /
Mon Mar 05 2018 15:12:15 GMT+0200 (Jerusalem Standard Time) ; GET /
Mon Mar 05 2018 15:12:16 GMT+0200 (Jerusalem Standard Time) ; GET /
Mon Mar 05 2018 15:12:21 GMT+0200 (Jerusalem Standard Time) ; GET /maintance
Mon Mar 05 2018 15:12:27 GMT+0200 (Jerusalem Standard Time) ; GET /
Mon Mar 05 2018 15:12:43 GMT+0200 (Jerusalem Standard Time) ; GET /
Mon Mar 05 2018 15:12:44 GMT+0200 (Jerusalem Standard Time) ; GET /
Mon Mar 05 2018 15:12:45 GMT+0200 (Jerusalem Standard Time) ; GET /
Mon Mar 05 2018 15:12:54 GMT+0200 (Jerusalem Standard Time) ; GET /about
Mon Mar 05 2018 15:12:56 GMT+0200 (Jerusalem Standard Time) ; GET /
Mon Mar 05 2018 15:12:59 GMT+0200 (Jerusalem Standard Time) ; GET /maintance
Mon Mar 05 2018 15:13:44 GMT+0200 (Jerusalem Standard Time) ; GET /maintance
Mon Mar 05 2018 15:13:51 GMT+0200 (Jerusalem Standard Time) ; GET /
Mon Mar 05 2018 15:14:47 GMT+0200 (Jerusalem Standard Time) ; GET /
Mon Mar 05 2018 15:14:49 GMT+0200 (Jerusalem Standard Time) ; GET /favicon.ico
Mon Mar 05 2018 15:16:14 GMT+0200 (Jerusalem Standard Time) ; GET /
Mon Mar 05 2018 15:16:16 GMT+0200 (Jerusalem Standard Time) ; GET /
Mon Mar 05 2018 15:16:16 GMT+0200 (Jerusalem Standard Time) ; GET /
Mon Mar 05 2018 15:16:17 GMT+0200 (Jerusalem Standard Time) ; GET /
Mon Mar 05 2018 15:16:17 GMT+0200 (Jerusalem Standard Time) ; GET /
Mon Mar 05 2018 15:16:18 GMT+0200 (Jerusalem Standard Time) ; GET /
Mon Mar 05 2018 15:16:20 GMT+0200 (Jerusalem Standard Time) ; GET /maintance
Mon Mar 05 2018 15:16:32 GMT+0200 (Jerusalem Standard Time) ; GET /
Mon Mar 05 2018 15:16:34 GMT+0200 (Jerusalem Standard Time) ; GET /favicon.ico
Mon Mar 05 2018 15:16:38 GMT+0200 (Jerusalem Standard Time) ; GET /maintance
